<?xml version="1.0" encoding="UTF-8"?>
<!-- Generated by org.testng.reporters.JUnitReportReporter -->
<testsuite hostname="DESKTOP-S7GID1Q" name="com.testingBuy.TestingBuyPage" tests="1" failures="0" timestamp="21 May 2019 21:05:55 GMT" time="24.852" errors="0">
  <testcase name="TestingBuyPage" time="24.852" classname="com.testingBuy.TestingBuyPage"/>
</testsuite> <!-- com.testingBuy.TestingBuyPage -->
